<?xml version="1.0" encoding="UTF-8"?>
<!-- Generated by org.testng.reporters.JUnitReportReporter -->
<testsuite skipped="0" hostname="DESKTOP-MEVPJKC" name="qsp.D1" tests="1" failures="0" timestamp="15 Sep 2022 10:31:05 GMT" time="0.013" errors="0">
  <testcase name="state1" time="0.013" classname="qsp.D1"/>
</testsuite> <!-- qsp.D1 -->
