<?xml version="1.0" encoding="UTF-8"?>
<!-- Generated by org.testng.reporters.JUnitReportReporter -->
<testsuite skipped="0" hostname="DESKTOP-MEVPJKC" name="test_Scripts.Login1" tests="1" failures="0" timestamp="12 Sep 2022 10:48:48 GMT" time="9.344" errors="0">
  <testcase name="validLogin" time="9.344" classname="test_Scripts.Login1"/>
</testsuite> <!-- test_Scripts.Login1 -->
