<?xml version="1.0" encoding="UTF-8"?>
<!-- Generated by org.testng.reporters.JUnitReportReporter -->
<testsuite skipped="0" hostname="DESKTOP-MEVPJKC" name="qsp.Demo2" tests="1" failures="0" timestamp="02 Sep 2022 11:37:56 GMT" time="0.029" errors="0">
  <testcase name="test3" time="0.029" classname="qsp.Demo2"/>
</testsuite> <!-- qsp.Demo2 -->
