<?xml version="1.0" encoding="UTF-8"?>
<!-- Generated by org.testng.reporters.JUnitReportReporter -->
<testsuite skipped="0" hostname="DESKTOP-MEVPJKC" name="test_script1.Test12" tests="1" failures="0" timestamp="13 Sep 2022 10:02:49 GMT" time="9.382" errors="0">
  <testcase name="test1" time="9.382" classname="test_script1.Test12"/>
</testsuite> <!-- test_script1.Test12 -->
